<?xml version="1.0" encoding="UTF-8"?>
<!-- Generated by org.testng.reporters.JUnitReportReporter -->
<testsuite skipped="1" hostname="BLR1-LHP-N61317" name="firstdemo.Demo2" tests="2" failures="0" timestamp="08 Jan 2019 08:42:53 GMT" time="0.016" errors="0">
  <testcase name="testcase2" time="0.016" classname="firstdemo.Demo2"/>
  <testcase name="testcase1" classname="firstdemo.Demo2">
    <skipped/>
  </testcase> <!-- testcase1 -->
</testsuite> <!-- firstdemo.Demo2 -->
