<?xml version="1.0" encoding="UTF-8"?>
<!-- Generated by org.testng.reporters.JUnitReportReporter -->
<testsuite skipped="0" hostname="BLR1-LHP-N61317" name="firstdemo.Demo1" tests="2" failures="0" timestamp="08 Jan 2019 08:40:54 GMT" time="0.000" errors="0">
  <testcase name="testcase2" time="0.000" classname="firstdemo.Demo1"/>
  <testcase name="testcase1" time="0.000" classname="firstdemo.Demo1"/>
</testsuite> <!-- firstdemo.Demo1 -->
